C:\USERS\ADMINISTRATOR\DESKTOP\VOICEDLL\PCM2WAV\PCM2WAV\DEBUG\PCM2WAV.OBJ
C:\USERS\ADMINISTRATOR\DESKTOP\VOICEDLL\PCM2WAV\PCM2WAV\DEBUG\VC110.PDB
C:\USERS\ADMINISTRATOR\DESKTOP\VOICEDLL\PCM2WAV\PCM2WAV\DEBUG\MAIN.OBJ
C:\USERS\ADMINISTRATOR\DESKTOP\VOICEDLL\PCM2WAV\PCM2WAV\DEBUG\VOICE2WORD.OBJ
C:\USERS\ADMINISTRATOR\DESKTOP\VOICEDLL\PCM2WAV\DEBUG\VOICE2WORD.ILK
C:\USERS\ADMINISTRATOR\DESKTOP\VOICEDLL\PCM2WAV\DEBUG\VOICE2WORD.EXE
C:\USERS\ADMINISTRATOR\DESKTOP\VOICEDLL\PCM2WAV\DEBUG\VOICE2WORD.PDB
C:\Users\Administrator\Desktop\voicedll\PCM2WAV\Debug\PCM2WAV.lib
C:\Users\Administrator\Desktop\voicedll\PCM2WAV\Debug\PCM2WAV.exp
C:\Users\Administrator\Desktop\voicedll\PCM2WAV\Debug\voice2word.lib
C:\Users\Administrator\Desktop\voicedll\PCM2WAV\Debug\voice2word.exp
C:\Users\Administrator\Desktop\voicedll\PCM2WAV\PCM2WAV\Debug\main.obj
C:\Users\Administrator\Desktop\voicedll\PCM2WAV\PCM2WAV\Debug\pcm2wav.obj
C:\Users\Administrator\Desktop\voicedll\PCM2WAV\PCM2WAV\Debug\voice2word.obj
C:\Users\Administrator\Desktop\voicedll\PCM2WAV\PCM2WAV\Debug\cl.command.1.tlog
C:\Users\Administrator\Desktop\voicedll\PCM2WAV\PCM2WAV\Debug\CL.read.1.tlog
C:\Users\Administrator\Desktop\voicedll\PCM2WAV\PCM2WAV\Debug\CL.write.1.tlog
C:\Users\Administrator\Desktop\voicedll\PCM2WAV\PCM2WAV\Debug\link-cvtres.read.1.tlog
C:\Users\Administrator\Desktop\voicedll\PCM2WAV\PCM2WAV\Debug\link-cvtres.write.1.tlog
C:\Users\Administrator\Desktop\voicedll\PCM2WAV\PCM2WAV\Debug\link-rc.read.1.tlog
C:\Users\Administrator\Desktop\voicedll\PCM2WAV\PCM2WAV\Debug\link-rc.write.1.tlog
C:\Users\Administrator\Desktop\voicedll\PCM2WAV\PCM2WAV\Debug\link.21216-cvtres.read.1.tlog
C:\Users\Administrator\Desktop\voicedll\PCM2WAV\PCM2WAV\Debug\link.21216-cvtres.write.1.tlog
C:\Users\Administrator\Desktop\voicedll\PCM2WAV\PCM2WAV\Debug\link.21216-rc.read.1.tlog
C:\Users\Administrator\Desktop\voicedll\PCM2WAV\PCM2WAV\Debug\link.21216-rc.write.1.tlog
C:\Users\Administrator\Desktop\voicedll\PCM2WAV\PCM2WAV\Debug\link.21216.read.1.tlog
C:\Users\Administrator\Desktop\voicedll\PCM2WAV\PCM2WAV\Debug\link.21216.write.1.tlog
C:\Users\Administrator\Desktop\voicedll\PCM2WAV\PCM2WAV\Debug\link.22952-cvtres.read.1.tlog
C:\Users\Administrator\Desktop\voicedll\PCM2WAV\PCM2WAV\Debug\link.22952-cvtres.write.1.tlog
C:\Users\Administrator\Desktop\voicedll\PCM2WAV\PCM2WAV\Debug\link.22952-rc.read.1.tlog
C:\Users\Administrator\Desktop\voicedll\PCM2WAV\PCM2WAV\Debug\link.22952-rc.write.1.tlog
C:\Users\Administrator\Desktop\voicedll\PCM2WAV\PCM2WAV\Debug\link.22952.read.1.tlog
C:\Users\Administrator\Desktop\voicedll\PCM2WAV\PCM2WAV\Debug\link.22952.write.1.tlog
C:\Users\Administrator\Desktop\voicedll\PCM2WAV\PCM2WAV\Debug\link.23616-cvtres.read.1.tlog
C:\Users\Administrator\Desktop\voicedll\PCM2WAV\PCM2WAV\Debug\link.23616-cvtres.write.1.tlog
C:\Users\Administrator\Desktop\voicedll\PCM2WAV\PCM2WAV\Debug\link.23616-rc.read.1.tlog
C:\Users\Administrator\Desktop\voicedll\PCM2WAV\PCM2WAV\Debug\link.23616-rc.write.1.tlog
C:\Users\Administrator\Desktop\voicedll\PCM2WAV\PCM2WAV\Debug\link.23616.read.1.tlog
C:\Users\Administrator\Desktop\voicedll\PCM2WAV\PCM2WAV\Debug\link.23616.write.1.tlog
C:\Users\Administrator\Desktop\voicedll\PCM2WAV\PCM2WAV\Debug\link.25264-cvtres.read.1.tlog
C:\Users\Administrator\Desktop\voicedll\PCM2WAV\PCM2WAV\Debug\link.25264-cvtres.write.1.tlog
C:\Users\Administrator\Desktop\voicedll\PCM2WAV\PCM2WAV\Debug\link.25264-rc.read.1.tlog
C:\Users\Administrator\Desktop\voicedll\PCM2WAV\PCM2WAV\Debug\link.25264-rc.write.1.tlog
C:\Users\Administrator\Desktop\voicedll\PCM2WAV\PCM2WAV\Debug\link.25264.read.1.tlog
C:\Users\Administrator\Desktop\voicedll\PCM2WAV\PCM2WAV\Debug\link.25264.write.1.tlog
C:\Users\Administrator\Desktop\voicedll\PCM2WAV\PCM2WAV\Debug\link.26564-cvtres.read.1.tlog
C:\Users\Administrator\Desktop\voicedll\PCM2WAV\PCM2WAV\Debug\link.26564-cvtres.write.1.tlog
C:\Users\Administrator\Desktop\voicedll\PCM2WAV\PCM2WAV\Debug\link.26564-rc.read.1.tlog
C:\Users\Administrator\Desktop\voicedll\PCM2WAV\PCM2WAV\Debug\link.26564-rc.write.1.tlog
C:\Users\Administrator\Desktop\voicedll\PCM2WAV\PCM2WAV\Debug\link.26564.read.1.tlog
C:\Users\Administrator\Desktop\voicedll\PCM2WAV\PCM2WAV\Debug\link.26564.write.1.tlog
C:\Users\Administrator\Desktop\voicedll\PCM2WAV\PCM2WAV\Debug\link.30784-cvtres.read.1.tlog
C:\Users\Administrator\Desktop\voicedll\PCM2WAV\PCM2WAV\Debug\link.30784-cvtres.write.1.tlog
C:\Users\Administrator\Desktop\voicedll\PCM2WAV\PCM2WAV\Debug\link.30784-rc.read.1.tlog
C:\Users\Administrator\Desktop\voicedll\PCM2WAV\PCM2WAV\Debug\link.30784-rc.write.1.tlog
C:\Users\Administrator\Desktop\voicedll\PCM2WAV\PCM2WAV\Debug\link.30784.read.1.tlog
C:\Users\Administrator\Desktop\voicedll\PCM2WAV\PCM2WAV\Debug\link.30784.write.1.tlog
C:\Users\Administrator\Desktop\voicedll\PCM2WAV\PCM2WAV\Debug\link.33976-cvtres.read.1.tlog
C:\Users\Administrator\Desktop\voicedll\PCM2WAV\PCM2WAV\Debug\link.33976-cvtres.write.1.tlog
C:\Users\Administrator\Desktop\voicedll\PCM2WAV\PCM2WAV\Debug\link.33976-rc.read.1.tlog
C:\Users\Administrator\Desktop\voicedll\PCM2WAV\PCM2WAV\Debug\link.33976-rc.write.1.tlog
C:\Users\Administrator\Desktop\voicedll\PCM2WAV\PCM2WAV\Debug\link.33976.read.1.tlog
C:\Users\Administrator\Desktop\voicedll\PCM2WAV\PCM2WAV\Debug\link.33976.write.1.tlog
C:\Users\Administrator\Desktop\voicedll\PCM2WAV\PCM2WAV\Debug\link.34040-cvtres.read.1.tlog
C:\Users\Administrator\Desktop\voicedll\PCM2WAV\PCM2WAV\Debug\link.34040-cvtres.write.1.tlog
C:\Users\Administrator\Desktop\voicedll\PCM2WAV\PCM2WAV\Debug\link.34040-rc.read.1.tlog
C:\Users\Administrator\Desktop\voicedll\PCM2WAV\PCM2WAV\Debug\link.34040-rc.write.1.tlog
C:\Users\Administrator\Desktop\voicedll\PCM2WAV\PCM2WAV\Debug\link.34040.read.1.tlog
C:\Users\Administrator\Desktop\voicedll\PCM2WAV\PCM2WAV\Debug\link.34040.write.1.tlog
C:\Users\Administrator\Desktop\voicedll\PCM2WAV\PCM2WAV\Debug\link.35396-cvtres.read.1.tlog
C:\Users\Administrator\Desktop\voicedll\PCM2WAV\PCM2WAV\Debug\link.35396-cvtres.write.1.tlog
C:\Users\Administrator\Desktop\voicedll\PCM2WAV\PCM2WAV\Debug\link.35396-rc.read.1.tlog
C:\Users\Administrator\Desktop\voicedll\PCM2WAV\PCM2WAV\Debug\link.35396-rc.write.1.tlog
C:\Users\Administrator\Desktop\voicedll\PCM2WAV\PCM2WAV\Debug\link.35396.read.1.tlog
C:\Users\Administrator\Desktop\voicedll\PCM2WAV\PCM2WAV\Debug\link.35396.write.1.tlog
C:\Users\Administrator\Desktop\voicedll\PCM2WAV\PCM2WAV\Debug\link.36420-cvtres.read.1.tlog
C:\Users\Administrator\Desktop\voicedll\PCM2WAV\PCM2WAV\Debug\link.36420-cvtres.write.1.tlog
C:\Users\Administrator\Desktop\voicedll\PCM2WAV\PCM2WAV\Debug\link.36420-rc.read.1.tlog
C:\Users\Administrator\Desktop\voicedll\PCM2WAV\PCM2WAV\Debug\link.36420-rc.write.1.tlog
C:\Users\Administrator\Desktop\voicedll\PCM2WAV\PCM2WAV\Debug\link.36420.read.1.tlog
C:\Users\Administrator\Desktop\voicedll\PCM2WAV\PCM2WAV\Debug\link.36420.write.1.tlog
C:\Users\Administrator\Desktop\voicedll\PCM2WAV\PCM2WAV\Debug\link.36668-cvtres.read.1.tlog
C:\Users\Administrator\Desktop\voicedll\PCM2WAV\PCM2WAV\Debug\link.36668-cvtres.write.1.tlog
C:\Users\Administrator\Desktop\voicedll\PCM2WAV\PCM2WAV\Debug\link.36668-rc.read.1.tlog
C:\Users\Administrator\Desktop\voicedll\PCM2WAV\PCM2WAV\Debug\link.36668-rc.write.1.tlog
C:\Users\Administrator\Desktop\voicedll\PCM2WAV\PCM2WAV\Debug\link.36668.read.1.tlog
C:\Users\Administrator\Desktop\voicedll\PCM2WAV\PCM2WAV\Debug\link.36668.write.1.tlog
C:\Users\Administrator\Desktop\voicedll\PCM2WAV\PCM2WAV\Debug\link.36680-cvtres.read.1.tlog
C:\Users\Administrator\Desktop\voicedll\PCM2WAV\PCM2WAV\Debug\link.36680-cvtres.write.1.tlog
C:\Users\Administrator\Desktop\voicedll\PCM2WAV\PCM2WAV\Debug\link.36680-rc.read.1.tlog
C:\Users\Administrator\Desktop\voicedll\PCM2WAV\PCM2WAV\Debug\link.36680-rc.write.1.tlog
C:\Users\Administrator\Desktop\voicedll\PCM2WAV\PCM2WAV\Debug\link.36680.read.1.tlog
C:\Users\Administrator\Desktop\voicedll\PCM2WAV\PCM2WAV\Debug\link.36680.write.1.tlog
C:\Users\Administrator\Desktop\voicedll\PCM2WAV\PCM2WAV\Debug\link.36768-cvtres.read.1.tlog
C:\Users\Administrator\Desktop\voicedll\PCM2WAV\PCM2WAV\Debug\link.36768-cvtres.write.1.tlog
C:\Users\Administrator\Desktop\voicedll\PCM2WAV\PCM2WAV\Debug\link.36768-rc.read.1.tlog
C:\Users\Administrator\Desktop\voicedll\PCM2WAV\PCM2WAV\Debug\link.36768-rc.write.1.tlog
C:\Users\Administrator\Desktop\voicedll\PCM2WAV\PCM2WAV\Debug\link.36768.read.1.tlog
C:\Users\Administrator\Desktop\voicedll\PCM2WAV\PCM2WAV\Debug\link.36768.write.1.tlog
C:\Users\Administrator\Desktop\voicedll\PCM2WAV\PCM2WAV\Debug\link.37240-cvtres.read.1.tlog
C:\Users\Administrator\Desktop\voicedll\PCM2WAV\PCM2WAV\Debug\link.37240-cvtres.write.1.tlog
C:\Users\Administrator\Desktop\voicedll\PCM2WAV\PCM2WAV\Debug\link.37240-rc.read.1.tlog
C:\Users\Administrator\Desktop\voicedll\PCM2WAV\PCM2WAV\Debug\link.37240-rc.write.1.tlog
C:\Users\Administrator\Desktop\voicedll\PCM2WAV\PCM2WAV\Debug\link.37240.read.1.tlog
C:\Users\Administrator\Desktop\voicedll\PCM2WAV\PCM2WAV\Debug\link.37240.write.1.tlog
C:\Users\Administrator\Desktop\voicedll\PCM2WAV\PCM2WAV\Debug\link.37776-cvtres.read.1.tlog
C:\Users\Administrator\Desktop\voicedll\PCM2WAV\PCM2WAV\Debug\link.37776-cvtres.write.1.tlog
C:\Users\Administrator\Desktop\voicedll\PCM2WAV\PCM2WAV\Debug\link.37776-rc.read.1.tlog
C:\Users\Administrator\Desktop\voicedll\PCM2WAV\PCM2WAV\Debug\link.37776-rc.write.1.tlog
C:\Users\Administrator\Desktop\voicedll\PCM2WAV\PCM2WAV\Debug\link.37776.read.1.tlog
C:\Users\Administrator\Desktop\voicedll\PCM2WAV\PCM2WAV\Debug\link.37776.write.1.tlog
C:\Users\Administrator\Desktop\voicedll\PCM2WAV\PCM2WAV\Debug\link.39372-cvtres.read.1.tlog
C:\Users\Administrator\Desktop\voicedll\PCM2WAV\PCM2WAV\Debug\link.39372-cvtres.write.1.tlog
C:\Users\Administrator\Desktop\voicedll\PCM2WAV\PCM2WAV\Debug\link.39372-rc.read.1.tlog
C:\Users\Administrator\Desktop\voicedll\PCM2WAV\PCM2WAV\Debug\link.39372-rc.write.1.tlog
C:\Users\Administrator\Desktop\voicedll\PCM2WAV\PCM2WAV\Debug\link.39372.read.1.tlog
C:\Users\Administrator\Desktop\voicedll\PCM2WAV\PCM2WAV\Debug\link.39372.write.1.tlog
C:\Users\Administrator\Desktop\voicedll\PCM2WAV\PCM2WAV\Debug\link.command.1.tlog
C:\Users\Administrator\Desktop\voicedll\PCM2WAV\PCM2WAV\Debug\link.read.1.tlog
C:\Users\Administrator\Desktop\voicedll\PCM2WAV\PCM2WAV\Debug\link.write.1.tlog
C:\Users\Administrator\Desktop\voicedll\PCM2WAV\PCM2WAV\Debug\PCM2WAV.write.1.tlog
C:\Users\Administrator\Desktop\voicedll\PCM2WAV\PCM2WAV\Debug\vc110.idb
C:\Users\Administrator\Desktop\voicedll\PCM2WAV\PCM2WAV\Debug\vc110.pdb
C:\Users\Administrator\Desktop\voicedll\PCM2WAV\Debug\voice2word.pdb
C:\Users\Administrator\Desktop\voicedll\PCM2WAV\Debug\voice2word.exe
C:\Users\Administrator\Desktop\voicedll\PCM2WAV\Debug\voice2word.ilk
